/*C1*/SET SCHEMA SYSTEM_LOBS
INSERT INTO BLOCKS VALUES(0,2147483647,0)
COMMIT
/*C2*/SET SCHEMA PUBLIC
CREATE TABLE LOGIN (\u000d\u000a\u0009id INTEGER NOT NULL,\u000d\u000a\u0009usuario VARCHAR(16) NOT NULL,\u000d\u000a\u0009senha VARCHAR(16) NOT NULL,\u000d\u000a\u000d\u000a\u0009CONSTRAINT PK_LOGIN PRIMARY KEY(id),\u000d\u000a\u0009CONSTRAINT UN_LOGIN_USUARIO UNIQUE(usuario)\u000d\u000a)
CREATE TABLE ALUNO (\u000d\u000a\u0009id INTEGER NOT NULL,\u000d\u000a\u0009nome VARCHAR(64) NOT NULL,\u000d\u000a\u0009rg VARCHAR(16) NOT NULL,\u000d\u000a\u0009cpf VARCHAR(16) NOT NULL,\u000d\u000a\u0009email VARCHAR(64),\u000d\u000a\u0009telefone VARCHAR(16),\u000d\u000a\u0009status VARCHAR(16),\u000d\u000a\u0009ra INTEGER NOT NULL,\u000d\u000a\u0009logradouro VARCHAR(64),\u000d\u000a\u0009numero INTEGER,\u000d\u000a\u0009cep VARCHAR(16),\u000d\u000a\u0009bairro VARCHAR(32),\u000d\u000a\u0009cidade VARCHAR(32),\u000d\u000a\u0009estado VARCHAR(2),\u000d\u000a\u000d\u000a\u0009CONSTRAINT PK_ALUNO PRIMARY KEY(id),\u000d\u000a\u0009CONSTRAINT UN_ALUNO_CPF UNIQUE(cpf),\u000d\u000a\u0009CONSTRAINT UN_ALUNO_RA UNIQUE(ra) \u000d\u000a)
CREATE TABLE LIVRO (\u000d\u000a\u0009id INTEGER NOT NULL,\u000d\u000a\u0009nome VARCHAR(64) NOT NULL,\u000d\u000a\u0009autor VARCHAR(64) NOT NULL,\u000d\u000a\u0009publicacao DATETIME  NOT NULL,\u000d\u000a\u0009editora VARCHAR(64) NOT NULL,\u000d\u000a\u0009nro_edicao INTEGER NOT NULL,\u000d\u000a\u0009isbn VARCHAR(32) NOT NULL,\u000d\u000a\u0009situacao VARCHAR(16) NOT NULL,\u000d\u000a\u000d\u000a\u0009CONSTRAINT PK_LIVRO PRIMARY KEY(id)\u000d\u000a)
CREATE TABLE RESERVA (\u000d\u000a\u0009id INTEGER NOT NULL,\u000d\u000a\u0009id_livro INTEGER NOT NULL,\u000d\u000a\u0009id_aluno INTEGER NOT NULL,\u000d\u000a\u0009data_retirada DATETIME,\u000d\u000a\u0009data_devolucao DATETIME,\u000d\u000a\u0009tipo VARCHAR(16) NOT NULL,\u000d\u000a\u0009ativo INTEGER NOT NULL,\u000d\u000a\u000d\u000a\u0009CONSTRAINT PK_RESERVA PRIMARY KEY(id),\u000d\u000a\u0009CONSTRAINT FK_RESERVA_LIVRO FOREIGN KEY(id_livro) REFERENCES LIVRO(id),\u000d\u000a\u0009CONSTRAINT FK_RESERVA_ALUNO FOREIGN KEY(id_aluno) REFERENCES ALUNO(id)\u000d\u000a)
INSERT INTO LOGIN VALUES(1,'admin','1234')
COMMIT
DISCONNECT
/*C3*/SET SCHEMA PUBLIC
DISCONNECT
/*C5*/SET SCHEMA PUBLIC
DISCONNECT
/*C4*/SET SCHEMA PUBLIC
DISCONNECT
/*C6*/SET SCHEMA PUBLIC
DISCONNECT
/*C8*/SET SCHEMA PUBLIC
DISCONNECT
/*C9*/SET SCHEMA PUBLIC
DISCONNECT
/*C7*/SET SCHEMA PUBLIC
DISCONNECT
/*C12*/SET SCHEMA PUBLIC
DISCONNECT
/*C11*/SET SCHEMA PUBLIC
DISCONNECT
/*C10*/SET SCHEMA PUBLIC
DISCONNECT
/*C13*/SET SCHEMA PUBLIC
DISCONNECT
/*C14*/SET SCHEMA PUBLIC
DISCONNECT
/*C15*/SET SCHEMA PUBLIC
DISCONNECT
/*C16*/SET SCHEMA PUBLIC
DISCONNECT
/*C17*/SET SCHEMA PUBLIC
DISCONNECT
/*C18*/SET SCHEMA PUBLIC
DISCONNECT
/*C19*/SET SCHEMA PUBLIC
DISCONNECT
/*C20*/SET SCHEMA PUBLIC
DISCONNECT
/*C21*/SET SCHEMA PUBLIC
DISCONNECT
/*C22*/SET SCHEMA PUBLIC
DISCONNECT
/*C23*/SET SCHEMA PUBLIC
DISCONNECT
/*C25*/SET SCHEMA PUBLIC
DISCONNECT
/*C24*/SET SCHEMA PUBLIC
DISCONNECT
/*C27*/SET SCHEMA PUBLIC
DISCONNECT
/*C30*/SET SCHEMA PUBLIC
DISCONNECT
/*C29*/SET SCHEMA PUBLIC
DISCONNECT
/*C26*/SET SCHEMA PUBLIC
DISCONNECT
/*C28*/SET SCHEMA PUBLIC
DISCONNECT
/*C32*/SET SCHEMA PUBLIC
INSERT INTO ALUNO VALUES(1,'gg','gg','88','88','88','Ativo',88,'888',88,'88','88','88','AC')
COMMIT
DELETE FROM ALUNO WHERE ID=1
INSERT INTO ALUNO VALUES(1,'gg','gg','88','88','88','Ativo',88,'kkkkkk',88,'88','88','88','AC')
COMMIT
/*C33*/SET SCHEMA PUBLIC
DISCONNECT
/*C31*/SET SCHEMA PUBLIC
DISCONNECT
/*C32*/DISCONNECT
/*C34*/SET SCHEMA PUBLIC
DISCONNECT
/*C35*/SET SCHEMA PUBLIC
DISCONNECT
/*C36*/SET SCHEMA PUBLIC
DISCONNECT
/*C37*/SET SCHEMA PUBLIC
DISCONNECT
/*C39*/SET SCHEMA PUBLIC
DISCONNECT
/*C38*/SET SCHEMA PUBLIC
DISCONNECT
/*C40*/SET SCHEMA PUBLIC
DISCONNECT
/*C42*/SET SCHEMA PUBLIC
DISCONNECT
/*C41*/SET SCHEMA PUBLIC
DISCONNECT
/*C44*/SET SCHEMA PUBLIC
DISCONNECT
/*C43*/SET SCHEMA PUBLIC
DISCONNECT
/*C46*/SET SCHEMA PUBLIC
INSERT INTO ALUNO VALUES(2,'gabriel','7','7','7','7','Ativo',7,'7',7,'7','7','7','AL')
COMMIT
DELETE FROM ALUNO WHERE ID=1
COMMIT
DELETE FROM ALUNO WHERE ID=2
INSERT INTO ALUNO VALUES(2,'gabriel','7','7','7','7','Inativo',7,'7',7,'7','7','7','AL')
COMMIT
DELETE FROM ALUNO WHERE ID=2
INSERT INTO ALUNO VALUES(2,'gabriel','7','7','7','7','Ativo',7,'7',7,'7','7','7','AL')
COMMIT
DISCONNECT
/*C45*/SET SCHEMA PUBLIC
DISCONNECT
/*C47*/SET SCHEMA PUBLIC
DISCONNECT
/*C48*/SET SCHEMA PUBLIC
DELETE FROM ALUNO WHERE ID=2
COMMIT
/*C49*/SET SCHEMA PUBLIC
DISCONNECT
/*C50*/SET SCHEMA PUBLIC
DISCONNECT
/*C48*/DISCONNECT
/*C52*/SET SCHEMA PUBLIC
DISCONNECT
/*C51*/SET SCHEMA PUBLIC
DISCONNECT
/*C54*/SET SCHEMA PUBLIC
INSERT INTO ALUNO VALUES(1,'gabriel','9','9','9','9','Ativo',9,'9',9,'9','9','9','AL')
COMMIT
/*C55*/SET SCHEMA PUBLIC
INSERT INTO ALUNO VALUES(2,'ga','1','1','1','1','Ativo',1,'1',1,'1','1','1','BA')
COMMIT
/*C54*/DISCONNECT
/*C53*/SET SCHEMA PUBLIC
DISCONNECT
/*C55*/DISCONNECT
