/*C30*/SET SCHEMA PUBLIC
DISCONNECT
/*C33*/SET SCHEMA PUBLIC
DELETE FROM ALUNO WHERE ID=1
INSERT INTO ALUNO VALUES(1,'gabriel','0','0','email','0','Inativo',10,'0',15,'0','0','0','AC')
COMMIT
/*C34*/SET SCHEMA PUBLIC
DELETE FROM ALUNO WHERE ID=1
INSERT INTO ALUNO VALUES(1,'gabriel','0','0','email','0','Ativo',10,'0',15,'0','0','0','AC')
COMMIT
DISCONNECT
/*C29*/SET SCHEMA PUBLIC
DISCONNECT
/*C31*/SET SCHEMA PUBLIC
DISCONNECT
/*C33*/DISCONNECT
/*C35*/SET SCHEMA PUBLIC
DISCONNECT
/*C41*/SET SCHEMA PUBLIC
DELETE FROM RESERVA WHERE ID=1
INSERT INTO RESERVA VALUES(1,2,1,'2019-05-30 00:00:00.000000','2019-05-31 00:00:00.000000','Empr\u00e9stimo',0)
COMMIT
/*C39*/SET SCHEMA PUBLIC
DELETE FROM LIVRO WHERE ID=2
INSERT INTO LIVRO VALUES(2,'liv','teste','2019-05-09 00:00:00.000000','oi',9,'9','Dispon\u00edvel')
COMMIT
/*C37*/SET SCHEMA PUBLIC
DISCONNECT
/*C42*/SET SCHEMA PUBLIC
DISCONNECT
/*C38*/SET SCHEMA PUBLIC
DISCONNECT
/*C39*/DISCONNECT
/*C40*/SET SCHEMA PUBLIC
DISCONNECT
/*C36*/SET SCHEMA PUBLIC
DISCONNECT
/*C41*/DISCONNECT
/*C43*/SET SCHEMA PUBLIC
DISCONNECT
/*C47*/SET SCHEMA PUBLIC
DISCONNECT
/*C49*/SET SCHEMA PUBLIC
DISCONNECT
/*C46*/SET SCHEMA PUBLIC
DISCONNECT
/*C44*/SET SCHEMA PUBLIC
DISCONNECT
/*C55*/SET SCHEMA PUBLIC
INSERT INTO RESERVA VALUES(4,4,1,'2019-06-26 00:00:00.000000',NULL,'Reserva',1)
COMMIT
/*C51*/SET SCHEMA PUBLIC
DELETE FROM LIVRO WHERE ID=4
INSERT INTO LIVRO VALUES(4,'livro','eu mesmo','2019-05-23 00:00:00.000000','98',741,'isbn','Reservado')
COMMIT
/*C54*/SET SCHEMA PUBLIC
DISCONNECT
/*C55*/DISCONNECT
/*C45*/SET SCHEMA PUBLIC
DISCONNECT
/*C48*/SET SCHEMA PUBLIC
DISCONNECT
/*C50*/SET SCHEMA PUBLIC
DISCONNECT
/*C51*/DISCONNECT
/*C52*/SET SCHEMA PUBLIC
DISCONNECT
/*C53*/SET SCHEMA PUBLIC
DISCONNECT
/*C56*/SET SCHEMA PUBLIC
DISCONNECT
/*C57*/SET SCHEMA PUBLIC
DISCONNECT
/*C59*/SET SCHEMA PUBLIC
DISCONNECT
/*C60*/SET SCHEMA PUBLIC
DISCONNECT
/*C28*/SET SCHEMA PUBLIC
DISCONNECT
/*C27*/SET SCHEMA PUBLIC
DISCONNECT
/*C64*/SET SCHEMA PUBLIC
DISCONNECT
/*C63*/SET SCHEMA PUBLIC
DISCONNECT
/*C32*/SET SCHEMA PUBLIC
DISCONNECT
/*C58*/SET SCHEMA PUBLIC
DISCONNECT
/*C65*/SET SCHEMA PUBLIC
DISCONNECT
/*C67*/SET SCHEMA PUBLIC
DISCONNECT
/*C61*/SET SCHEMA PUBLIC
DISCONNECT
/*C62*/SET SCHEMA PUBLIC
DISCONNECT
/*C66*/SET SCHEMA PUBLIC
DISCONNECT
/*C70*/SET SCHEMA PUBLIC
DISCONNECT
/*C69*/SET SCHEMA PUBLIC
DISCONNECT
/*C73*/SET SCHEMA PUBLIC
DISCONNECT
/*C72*/SET SCHEMA PUBLIC
DISCONNECT
/*C71*/SET SCHEMA PUBLIC
DISCONNECT
/*C68*/SET SCHEMA PUBLIC
DISCONNECT
/*C74*/SET SCHEMA PUBLIC
DISCONNECT
/*C75*/SET SCHEMA PUBLIC
DISCONNECT
